{"C:\\MicroverseGit\\Capstone-JavaScript-Module-2\\src\\modules\\status.js": {"path":"C:\\MicroverseGit\\Capstone-JavaScript-Module-2\\src\\modules\\status.js","statementMap":{"0":{"start":{"line":3,"column":20},"end":{"line":3,"column":144}},"1":{"start":{"line":4,"column":29},"end":{"line":8,"column":6}},"2":{"start":{"line":10,"column":18},"end":{"line":10,"column":40}},"3":{"start":{"line":11,"column":4},"end":{"line":18,"column":5}},"4":{"start":{"line":12,"column":21},"end":{"line":16,"column":8}},"5":{"start":{"line":17,"column":6},"end":{"line":17,"column":20}},"6":{"start":{"line":20,"column":4},"end":{"line":20,"column":24}},"7":{"start":{"line":24,"column":28},"end":{"line":24,"column":71}},"8":{"start":{"line":25,"column":4},"end":{"line":30,"column":5}},"9":{"start":{"line":26,"column":6},"end":{"line":29,"column":9}},"10":{"start":{"line":27,"column":8},"end":{"line":27,"column":33}},"11":{"start":{"line":28,"column":8},"end":{"line":28,"column":66}},"12":{"start":{"line":34,"column":24},"end":{"line":34,"column":63}},"13":{"start":{"line":35,"column":28},"end":{"line":35,"column":57}},"14":{"start":{"line":36,"column":4},"end":{"line":36,"column":89}},"15":{"start":{"line":38,"column":4},"end":{"line":59,"column":10}},"16":{"start":{"line":60,"column":4},"end":{"line":60,"column":69}},"17":{"start":{"line":61,"column":4},"end":{"line":61,"column":45}},"18":{"start":{"line":65,"column":30},"end":{"line":65,"column":75}},"19":{"start":{"line":66,"column":24},"end":{"line":66,"column":50}},"20":{"start":{"line":67,"column":29},"end":{"line":67,"column":62}},"21":{"start":{"line":68,"column":25},"end":{"line":68,"column":72}},"22":{"start":{"line":70,"column":4},"end":{"line":74,"column":5}},"23":{"start":{"line":71,"column":6},"end":{"line":71,"column":48}},"24":{"start":{"line":73,"column":6},"end":{"line":73,"column":63}},"25":{"start":{"line":78,"column":4},"end":{"line":80,"column":5}},"26":{"start":{"line":79,"column":6},"end":{"line":79,"column":59}},"27":{"start":{"line":82,"column":30},"end":{"line":82,"column":75}},"28":{"start":{"line":83,"column":4},"end":{"line":83,"column":37}},"29":{"start":{"line":84,"column":4},"end":{"line":100,"column":5}},"30":{"start":{"line":85,"column":6},"end":{"line":99,"column":9}},"31":{"start":{"line":86,"column":8},"end":{"line":98,"column":9}},"32":{"start":{"line":87,"column":10},"end":{"line":91,"column":18}},"33":{"start":{"line":93,"column":10},"end":{"line":97,"column":18}},"34":{"start":{"line":102,"column":4},"end":{"line":102,"column":34}},"35":{"start":{"line":106,"column":21},"end":{"line":117,"column":6}},"36":{"start":{"line":119,"column":4},"end":{"line":119,"column":20}},"37":{"start":{"line":123,"column":22},"end":{"line":123,"column":30}},"38":{"start":{"line":124,"column":28},"end":{"line":124,"column":39}},"39":{"start":{"line":125,"column":4},"end":{"line":125,"column":67}},"40":{"start":{"line":127,"column":4},"end":{"line":127,"column":43}},"41":{"start":{"line":131,"column":30},"end":{"line":131,"column":80}},"42":{"start":{"line":132,"column":4},"end":{"line":139,"column":5}},"43":{"start":{"line":133,"column":6},"end":{"line":138,"column":9}},"44":{"start":{"line":134,"column":8},"end":{"line":135,"column":58}},"45":{"start":{"line":137,"column":8},"end":{"line":137,"column":27}},"46":{"start":{"line":143,"column":26},"end":{"line":143,"column":60}},"47":{"start":{"line":144,"column":25},"end":{"line":144,"column":81}},"48":{"start":{"line":145,"column":21},"end":{"line":145,"column":46}},"49":{"start":{"line":146,"column":23},"end":{"line":146,"column":88}},"50":{"start":{"line":147,"column":19},"end":{"line":147,"column":42}},"51":{"start":{"line":148,"column":21},"end":{"line":148,"column":34}},"52":{"start":{"line":149,"column":24},"end":{"line":149,"column":39}},"53":{"start":{"line":150,"column":19},"end":{"line":150,"column":41}},"54":{"start":{"line":151,"column":19},"end":{"line":151,"column":42}},"55":{"start":{"line":152,"column":18},"end":{"line":152,"column":31}},"56":{"start":{"line":153,"column":23},"end":{"line":153,"column":31}},"57":{"start":{"line":154,"column":24},"end":{"line":154,"column":38}},"58":{"start":{"line":155,"column":4},"end":{"line":155,"column":62}},"59":{"start":{"line":156,"column":4},"end":{"line":156,"column":83}},"60":{"start":{"line":157,"column":4},"end":{"line":157,"column":23}},"61":{"start":{"line":158,"column":4},"end":{"line":158,"column":41}},"62":{"start":{"line":159,"column":4},"end":{"line":159,"column":35}}},"fnMap":{"0":{"name":"(anonymous_0)","decl":{"start":{"line":2,"column":2},"end":{"line":2,"column":3}},"loc":{"start":{"line":2,"column":38},"end":{"line":21,"column":3}},"line":2},"1":{"name":"(anonymous_1)","decl":{"start":{"line":23,"column":2},"end":{"line":23,"column":3}},"loc":{"start":{"line":23,"column":22},"end":{"line":31,"column":3}},"line":23},"2":{"name":"(anonymous_2)","decl":{"start":{"line":26,"column":70},"end":{"line":26,"column":71}},"loc":{"start":{"line":26,"column":76},"end":{"line":29,"column":7}},"line":26},"3":{"name":"(anonymous_3)","decl":{"start":{"line":33,"column":2},"end":{"line":33,"column":3}},"loc":{"start":{"line":33,"column":82},"end":{"line":62,"column":3}},"line":33},"4":{"name":"(anonymous_4)","decl":{"start":{"line":64,"column":2},"end":{"line":64,"column":3}},"loc":{"start":{"line":64,"column":33},"end":{"line":75,"column":3}},"line":64},"5":{"name":"(anonymous_5)","decl":{"start":{"line":77,"column":2},"end":{"line":77,"column":3}},"loc":{"start":{"line":77,"column":59},"end":{"line":103,"column":3}},"line":77},"6":{"name":"(anonymous_6)","decl":{"start":{"line":85,"column":30},"end":{"line":85,"column":31}},"loc":{"start":{"line":85,"column":43},"end":{"line":99,"column":7}},"line":85},"7":{"name":"(anonymous_7)","decl":{"start":{"line":105,"column":2},"end":{"line":105,"column":3}},"loc":{"start":{"line":105,"column":49},"end":{"line":120,"column":3}},"line":105},"8":{"name":"(anonymous_8)","decl":{"start":{"line":130,"column":2},"end":{"line":130,"column":3}},"loc":{"start":{"line":130,"column":40},"end":{"line":140,"column":3}},"line":130},"9":{"name":"(anonymous_9)","decl":{"start":{"line":133,"column":51},"end":{"line":133,"column":52}},"loc":{"start":{"line":133,"column":58},"end":{"line":138,"column":7}},"line":133},"10":{"name":"(anonymous_10)","decl":{"start":{"line":142,"column":2},"end":{"line":142,"column":3}},"loc":{"start":{"line":142,"column":39},"end":{"line":160,"column":3}},"line":142}},"branchMap":{"0":{"loc":{"start":{"line":11,"column":4},"end":{"line":18,"column":5}},"type":"if","locations":[{"start":{"line":11,"column":4},"end":{"line":18,"column":5}},{"start":{"line":11,"column":4},"end":{"line":18,"column":5}}],"line":11},"1":{"loc":{"start":{"line":11,"column":8},"end":{"line":11,"column":49}},"type":"binary-expr","locations":[{"start":{"line":11,"column":8},"end":{"line":11,"column":27}},{"start":{"line":11,"column":31},"end":{"line":11,"column":49}}],"line":11},"2":{"loc":{"start":{"line":25,"column":4},"end":{"line":30,"column":5}},"type":"if","locations":[{"start":{"line":25,"column":4},"end":{"line":30,"column":5}},{"start":{"line":25,"column":4},"end":{"line":30,"column":5}}],"line":25},"3":{"loc":{"start":{"line":70,"column":4},"end":{"line":74,"column":5}},"type":"if","locations":[{"start":{"line":70,"column":4},"end":{"line":74,"column":5}},{"start":{"line":70,"column":4},"end":{"line":74,"column":5}}],"line":70},"4":{"loc":{"start":{"line":70,"column":8},"end":{"line":70,"column":134}},"type":"binary-expr","locations":[{"start":{"line":70,"column":8},"end":{"line":70,"column":30}},{"start":{"line":70,"column":34},"end":{"line":70,"column":134}}],"line":70},"5":{"loc":{"start":{"line":70,"column":35},"end":{"line":70,"column":111}},"type":"binary-expr","locations":[{"start":{"line":70,"column":35},"end":{"line":70,"column":71}},{"start":{"line":70,"column":75},"end":{"line":70,"column":111}}],"line":70},"6":{"loc":{"start":{"line":78,"column":4},"end":{"line":80,"column":5}},"type":"if","locations":[{"start":{"line":78,"column":4},"end":{"line":80,"column":5}},{"start":{"line":78,"column":4},"end":{"line":80,"column":5}}],"line":78},"7":{"loc":{"start":{"line":84,"column":4},"end":{"line":100,"column":5}},"type":"if","locations":[{"start":{"line":84,"column":4},"end":{"line":100,"column":5}},{"start":{"line":84,"column":4},"end":{"line":100,"column":5}}],"line":84},"8":{"loc":{"start":{"line":86,"column":8},"end":{"line":98,"column":9}},"type":"if","locations":[{"start":{"line":86,"column":8},"end":{"line":98,"column":9}},{"start":{"line":86,"column":8},"end":{"line":98,"column":9}}],"line":86},"9":{"loc":{"start":{"line":132,"column":4},"end":{"line":139,"column":5}},"type":"if","locations":[{"start":{"line":132,"column":4},"end":{"line":139,"column":5}},{"start":{"line":132,"column":4},"end":{"line":139,"column":5}}],"line":132}},"s":{"0":0,"1":0,"2":0,"3":0,"4":0,"5":0,"6":0,"7":0,"8":0,"9":0,"10":0,"11":0,"12":0,"13":0,"14":0,"15":0,"16":0,"17":0,"18":3,"19":3,"20":3,"21":3,"22":3,"23":1,"24":2,"25":0,"26":0,"27":0,"28":0,"29":0,"30":0,"31":0,"32":0,"33":0,"34":0,"35":0,"36":0,"37":0,"38":0,"39":0,"40":0,"41":0,"42":0,"43":0,"44":0,"45":0,"46":0,"47":0,"48":0,"49":0,"50":0,"51":0,"52":0,"53":0,"54":0,"55":0,"56":0,"57":0,"58":0,"59":0,"60":0,"61":0,"62":0},"f":{"0":0,"1":0,"2":0,"3":0,"4":3,"5":0,"6":0,"7":0,"8":0,"9":0,"10":0},"b":{"0":[0,0],"1":[0,0],"2":[0,0],"3":[1,2],"4":[3,1],"5":[1,1],"6":[0,0],"7":[0,0],"8":[0,0],"9":[0,0]},"_coverageSchema":"1a1c01bbd47fc00a2c39e90264f33305004495a9","hash":"0cbdb52a8ab01f2645203d012715b3292a48fce3"}
,"C:\\MicroverseGit\\Capstone-JavaScript-Module-2\\src\\tests\\statusMockUp.js": {"path":"C:\\MicroverseGit\\Capstone-JavaScript-Module-2\\src\\tests\\statusMockUp.js","statementMap":{"0":{"start":{"line":1,"column":22},"end":{"line":6,"column":20}},"1":{"start":{"line":8,"column":22},"end":{"line":17,"column":20}},"2":{"start":{"line":19,"column":22},"end":{"line":36,"column":20}}},"fnMap":{},"branchMap":{},"s":{"0":1,"1":1,"2":1},"f":{},"b":{},"_coverageSchema":"1a1c01bbd47fc00a2c39e90264f33305004495a9","hash":"bfd93963aaf19427e11e99b1b2153b4a54958ffe"}
}
