TN:
SF:src\modules\status.js
FN:2,(anonymous_0)
FN:23,(anonymous_1)
FN:26,(anonymous_2)
FN:33,(anonymous_3)
FN:64,(anonymous_4)
FN:77,(anonymous_5)
FN:85,(anonymous_6)
FN:105,(anonymous_7)
FN:130,(anonymous_8)
FN:133,(anonymous_9)
FN:142,(anonymous_10)
FNF:11
FNH:1
FNDA:0,(anonymous_0)
FNDA:0,(anonymous_1)
FNDA:0,(anonymous_2)
FNDA:0,(anonymous_3)
FNDA:3,(anonymous_4)
FNDA:0,(anonymous_5)
FNDA:0,(anonymous_6)
FNDA:0,(anonymous_7)
FNDA:0,(anonymous_8)
FNDA:0,(anonymous_9)
FNDA:0,(anonymous_10)
DA:3,0
DA:4,0
DA:10,0
DA:11,0
DA:12,0
DA:17,0
DA:20,0
DA:24,0
DA:25,0
DA:26,0
DA:27,0
DA:28,0
DA:34,0
DA:35,0
DA:36,0
DA:38,0
DA:60,0
DA:61,0
DA:65,3
DA:66,3
DA:67,3
DA:68,3
DA:70,3
DA:71,1
DA:73,2
DA:78,0
DA:79,0
DA:82,0
DA:83,0
DA:84,0
DA:85,0
DA:86,0
DA:87,0
DA:93,0
DA:102,0
DA:106,0
DA:119,0
DA:123,0
DA:124,0
DA:125,0
DA:127,0
DA:131,0
DA:132,0
DA:133,0
DA:134,0
DA:137,0
DA:143,0
DA:144,0
DA:145,0
DA:146,0
DA:147,0
DA:148,0
DA:149,0
DA:150,0
DA:151,0
DA:152,0
DA:153,0
DA:154,0
DA:155,0
DA:156,0
DA:157,0
DA:158,0
DA:159,0
LF:63
LH:7
BRDA:11,0,0,0
BRDA:11,0,1,0
BRDA:11,1,0,0
BRDA:11,1,1,0
BRDA:25,2,0,0
BRDA:25,2,1,0
BRDA:70,3,0,1
BRDA:70,3,1,2
BRDA:70,4,0,3
BRDA:70,4,1,1
BRDA:70,5,0,1
BRDA:70,5,1,1
BRDA:78,6,0,0
BRDA:78,6,1,0
BRDA:84,7,0,0
BRDA:84,7,1,0
BRDA:86,8,0,0
BRDA:86,8,1,0
BRDA:132,9,0,0
BRDA:132,9,1,0
BRF:20
BRH:6
end_of_record
TN:
SF:src\tests\statusMockUp.js
FNF:0
FNH:0
DA:1,1
DA:8,1
DA:19,1
LF:3
LH:3
BRF:0
BRH:0
end_of_record
